#0 building with "desktop-linux" instance using docker driver

#1 [api internal] load build definition from Dockerfile
#1 transferring dockerfile: 32B done
#1 DONE 0.0s

#2 [api internal] load .dockerignore
#2 transferring context: 2B done
#2 DONE 0.0s

#3 [api internal] load metadata for docker.io/library/alpine:latest
#3 DONE 0.0s

#4 [api 1/5] FROM docker.io/library/alpine
#4 DONE 0.0s

#5 [api 2/5] RUN apk add git && git clone https://github.com/zxcv3508/nestAPI.git && apk add --update nodejs npm
#5 CACHED

#6 [api 3/5] WORKDIR /nestAPI/
#6 CACHED

#7 [api 4/5] RUN npm i
#7 CACHED

#8 [api 5/5] RUN npm run build
#8 CACHED

#9 [api] exporting to image
#9 exporting layers done
#9 writing image sha256:6bf635bcae1584d13919965ef77dde7d2458e0afc23b5127df5cd6f6ddc93111 done
#9 naming to docker.io/library/nestdocker-api done
#9 DONE 0.0s
